Classic Timing Analyzer report for kadai42
Wed Jul 03 16:23:04 2024
Quartus II Version 8.1 Build 163 10/28/2008 SJ Web Edition


---------------------
; Table of Contents ;
---------------------
  1. Legal Notice
  2. Timing Analyzer Summary
  3. Timing Analyzer Settings
  4. Clock Settings Summary
  5. Clock Setup: 'CLK'
  6. tsu
  7. tco
  8. th
  9. Timing Analyzer Messages



----------------
; Legal Notice ;
----------------
Copyright (C) 1991-2008 Altera Corporation
Your use of Altera Corporation's design tools, logic functions 
and other software and tools, and its AMPP partner logic 
functions, and any output files from any of the foregoing 
(including device programming or simulation files), and any 
associated documentation or information are expressly subject 
to the terms and conditions of the Altera Program License 
Subscription Agreement, Altera MegaCore Function License 
Agreement, or other applicable license agreement, including, 
without limitation, that your use is for the sole purpose of 
programming logic devices manufactured by Altera and sold by 
Altera or its authorized distributors.  Please refer to the 
applicable agreement for further details.



+----------------------------------------------------------------------------------------------------------------------------------------------------------+
; Timing Analyzer Summary                                                                                                                                  ;
+------------------------------+-------+---------------+------------------------------------------------+------+----+------------+----------+--------------+
; Type                         ; Slack ; Required Time ; Actual Time                                    ; From ; To ; From Clock ; To Clock ; Failed Paths ;
+------------------------------+-------+---------------+------------------------------------------------+------+----+------------+----------+--------------+
; Worst-case tsu               ; N/A   ; None          ; -0.017 ns                                      ; J    ; A  ; --         ; CLK      ; 0            ;
; Worst-case tco               ; N/A   ; None          ; 6.877 ns                                       ; A    ; Q  ; CLK        ; --       ; 0            ;
; Worst-case th                ; N/A   ; None          ; 0.552 ns                                       ; K    ; A  ; --         ; CLK      ; 0            ;
; Clock Setup: 'CLK'           ; N/A   ; None          ; Restricted to 420.17 MHz ( period = 2.380 ns ) ; A    ; A  ; CLK        ; CLK      ; 0            ;
; Total number of failed paths ;       ;               ;                                                ;      ;    ;            ;          ; 0            ;
+------------------------------+-------+---------------+------------------------------------------------+------+----+------------+----------+--------------+


+--------------------------------------------------------------------------------------------------------------------+
; Timing Analyzer Settings                                                                                           ;
+---------------------------------------------------------------------+--------------------+------+----+-------------+
; Option                                                              ; Setting            ; From ; To ; Entity Name ;
+---------------------------------------------------------------------+--------------------+------+----+-------------+
; Device Name                                                         ; EP2C35F672C6       ;      ;    ;             ;
; Timing Models                                                       ; Final              ;      ;    ;             ;
; Default hold multicycle                                             ; Same as Multicycle ;      ;    ;             ;
; Cut paths between unrelated clock domains                           ; On                 ;      ;    ;             ;
; Cut off read during write signal paths                              ; On                 ;      ;    ;             ;
; Cut off feedback from I/O pins                                      ; On                 ;      ;    ;             ;
; Report Combined Fast/Slow Timing                                    ; Off                ;      ;    ;             ;
; Ignore Clock Settings                                               ; Off                ;      ;    ;             ;
; Analyze latches as synchronous elements                             ; On                 ;      ;    ;             ;
; Enable Recovery/Removal analysis                                    ; Off                ;      ;    ;             ;
; Enable Clock Latency                                                ; Off                ;      ;    ;             ;
; Use TimeQuest Timing Analyzer                                       ; Off                ;      ;    ;             ;
; Minimum Core Junction Temperature                                   ; 0                  ;      ;    ;             ;
; Maximum Core Junction Temperature                                   ; 85                 ;      ;    ;             ;
; Number of source nodes to report per destination node               ; 10                 ;      ;    ;             ;
; Number of destination nodes to report                               ; 10                 ;      ;    ;             ;
; Number of paths to report                                           ; 200                ;      ;    ;             ;
; Report Minimum Timing Checks                                        ; Off                ;      ;    ;             ;
; Use Fast Timing Models                                              ; Off                ;      ;    ;             ;
; Report IO Paths Separately                                          ; Off                ;      ;    ;             ;
; Perform Multicorner Analysis                                        ; On                 ;      ;    ;             ;
; Reports the worst-case path for each clock domain and analysis      ; Off                ;      ;    ;             ;
; Removes common clock path pessimism (CCPP) during slack computation ; Off                ;      ;    ;             ;
; Output I/O Timing Endpoint                                          ; Near End           ;      ;    ;             ;
+---------------------------------------------------------------------+--------------------+------+----+-------------+


+------------------------------------------------------------------------------------------------------------------------------------------------------------------------------------+
; Clock Settings Summary                                                                                                                                                             ;
+-----------------+--------------------+----------+------------------+---------------+--------------+----------+-----------------------+---------------------+--------+--------------+
; Clock Node Name ; Clock Setting Name ; Type     ; Fmax Requirement ; Early Latency ; Late Latency ; Based on ; Multiply Base Fmax by ; Divide Base Fmax by ; Offset ; Phase offset ;
+-----------------+--------------------+----------+------------------+---------------+--------------+----------+-----------------------+---------------------+--------+--------------+
; CLK             ;                    ; User Pin ; None             ; 0.000 ns      ; 0.000 ns     ; --       ; N/A                   ; N/A                 ; N/A    ;              ;
+-----------------+--------------------+----------+------------------+---------------+--------------+----------+-----------------------+---------------------+--------+--------------+


+--------------------------------------------------------------------------------------------------------------------------------------------------------------------------------+
; Clock Setup: 'CLK'                                                                                                                                                             ;
+-------+------------------------------------------------+------+----+------------+----------+-----------------------------+---------------------------+-------------------------+
; Slack ; Actual fmax (period)                           ; From ; To ; From Clock ; To Clock ; Required Setup Relationship ; Required Longest P2P Time ; Actual Longest P2P Time ;
+-------+------------------------------------------------+------+----+------------+----------+-----------------------------+---------------------------+-------------------------+
; N/A   ; Restricted to 420.17 MHz ( period = 2.380 ns ) ; A    ; A  ; CLK        ; CLK      ; None                        ; None                      ; 0.407 ns                ;
+-------+------------------------------------------------+------+----+------------+----------+-----------------------------+---------------------------+-------------------------+


+----------------------------------------------------------+
; tsu                                                      ;
+-------+--------------+------------+------+----+----------+
; Slack ; Required tsu ; Actual tsu ; From ; To ; To Clock ;
+-------+--------------+------------+------+----+----------+
; N/A   ; None         ; -0.017 ns  ; J    ; A  ; CLK      ;
; N/A   ; None         ; -0.322 ns  ; K    ; A  ; CLK      ;
+-------+--------------+------------+------+----+----------+


+------------------------------------------------------------+
; tco                                                        ;
+-------+--------------+------------+------+----+------------+
; Slack ; Required tco ; Actual tco ; From ; To ; From Clock ;
+-------+--------------+------------+------+----+------------+
; N/A   ; None         ; 6.877 ns   ; A    ; Q  ; CLK        ;
+-------+--------------+------------+------+----+------------+


+----------------------------------------------------------------+
; th                                                             ;
+---------------+-------------+-----------+------+----+----------+
; Minimum Slack ; Required th ; Actual th ; From ; To ; To Clock ;
+---------------+-------------+-----------+------+----+----------+
; N/A           ; None        ; 0.552 ns  ; K    ; A  ; CLK      ;
; N/A           ; None        ; 0.247 ns  ; J    ; A  ; CLK      ;
+---------------+-------------+-----------+------+----+----------+


+--------------------------+
; Timing Analyzer Messages ;
+--------------------------+
Info: *******************************************************************
Info: Running Quartus II Classic Timing Analyzer
    Info: Version 8.1 Build 163 10/28/2008 SJ Web Edition
    Info: Processing started: Wed Jul 03 16:23:04 2024
Info: Command: quartus_tan --read_settings_files=off --write_settings_files=off kadai42 -c kadai42 --timing_analysis_only
Warning: Found pins functioning as undefined clocks and/or memory enables
    Info: Assuming node "CLK" is an undefined clock
Info: Clock "CLK" Internal fmax is restricted to 420.17 MHz between source register "A" and destination register "A"
    Info: fmax restricted to clock pin edge rate 2.38 ns. Expand message to see actual delay path.
        Info: + Longest register to register delay is 0.407 ns
            Info: 1: + IC(0.000 ns) + CELL(0.000 ns) = 0.000 ns; Loc. = LCFF_X64_Y19_N1; Fanout = 2; REG Node = 'A'
            Info: 2: + IC(0.000 ns) + CELL(0.323 ns) = 0.323 ns; Loc. = LCCOMB_X64_Y19_N0; Fanout = 1; COMB Node = 'A~41'
            Info: 3: + IC(0.000 ns) + CELL(0.084 ns) = 0.407 ns; Loc. = LCFF_X64_Y19_N1; Fanout = 2; REG Node = 'A'
            Info: Total cell delay = 0.407 ns ( 100.00 % )
        Info: - Smallest clock skew is 0.000 ns
            Info: + Shortest clock path from clock "CLK" to destination register is 1.868 ns
                Info: 1: + IC(0.000 ns) + CELL(0.999 ns) = 0.999 ns; Loc. = PIN_N25; Fanout = 1; CLK Node = 'CLK'
                Info: 2: + IC(0.332 ns) + CELL(0.537 ns) = 1.868 ns; Loc. = LCFF_X64_Y19_N1; Fanout = 2; REG Node = 'A'
                Info: Total cell delay = 1.536 ns ( 82.23 % )
                Info: Total interconnect delay = 0.332 ns ( 17.77 % )
            Info: - Longest clock path from clock "CLK" to source register is 1.868 ns
                Info: 1: + IC(0.000 ns) + CELL(0.999 ns) = 0.999 ns; Loc. = PIN_N25; Fanout = 1; CLK Node = 'CLK'
                Info: 2: + IC(0.332 ns) + CELL(0.537 ns) = 1.868 ns; Loc. = LCFF_X64_Y19_N1; Fanout = 2; REG Node = 'A'
                Info: Total cell delay = 1.536 ns ( 82.23 % )
                Info: Total interconnect delay = 0.332 ns ( 17.77 % )
        Info: + Micro clock to output delay of source is 0.250 ns
        Info: + Micro setup delay of destination is -0.036 ns
Info: tsu for register "A" (data pin = "J", clock pin = "CLK") is -0.017 ns
    Info: + Longest pin to register delay is 1.887 ns
        Info: 1: + IC(0.000 ns) + CELL(0.999 ns) = 0.999 ns; Loc. = PIN_N26; Fanout = 1; PIN Node = 'J'
        Info: 2: + IC(0.366 ns) + CELL(0.438 ns) = 1.803 ns; Loc. = LCCOMB_X64_Y19_N0; Fanout = 1; COMB Node = 'A~41'
        Info: 3: + IC(0.000 ns) + CELL(0.084 ns) = 1.887 ns; Loc. = LCFF_X64_Y19_N1; Fanout = 2; REG Node = 'A'
        Info: Total cell delay = 1.521 ns ( 80.60 % )
        Info: Total interconnect delay = 0.366 ns ( 19.40 % )
    Info: + Micro setup delay of destination is -0.036 ns
    Info: - Shortest clock path from clock "CLK" to destination register is 1.868 ns
        Info: 1: + IC(0.000 ns) + CELL(0.999 ns) = 0.999 ns; Loc. = PIN_N25; Fanout = 1; CLK Node = 'CLK'
        Info: 2: + IC(0.332 ns) + CELL(0.537 ns) = 1.868 ns; Loc. = LCFF_X64_Y19_N1; Fanout = 2; REG Node = 'A'
        Info: Total cell delay = 1.536 ns ( 82.23 % )
        Info: Total interconnect delay = 0.332 ns ( 17.77 % )
Info: tco from clock "CLK" to destination pin "Q" through register "A" is 6.877 ns
    Info: + Longest clock path from clock "CLK" to source register is 1.868 ns
        Info: 1: + IC(0.000 ns) + CELL(0.999 ns) = 0.999 ns; Loc. = PIN_N25; Fanout = 1; CLK Node = 'CLK'
        Info: 2: + IC(0.332 ns) + CELL(0.537 ns) = 1.868 ns; Loc. = LCFF_X64_Y19_N1; Fanout = 2; REG Node = 'A'
        Info: Total cell delay = 1.536 ns ( 82.23 % )
        Info: Total interconnect delay = 0.332 ns ( 17.77 % )
    Info: + Micro clock to output delay of source is 0.250 ns
    Info: + Longest register to pin delay is 4.759 ns
        Info: 1: + IC(0.000 ns) + CELL(0.000 ns) = 0.000 ns; Loc. = LCFF_X64_Y19_N1; Fanout = 2; REG Node = 'A'
        Info: 2: + IC(1.941 ns) + CELL(2.818 ns) = 4.759 ns; Loc. = PIN_AE23; Fanout = 0; PIN Node = 'Q'
        Info: Total cell delay = 2.818 ns ( 59.21 % )
        Info: Total interconnect delay = 1.941 ns ( 40.79 % )
Info: th for register "A" (data pin = "K", clock pin = "CLK") is 0.552 ns
    Info: + Longest clock path from clock "CLK" to destination register is 1.868 ns
        Info: 1: + IC(0.000 ns) + CELL(0.999 ns) = 0.999 ns; Loc. = PIN_N25; Fanout = 1; CLK Node = 'CLK'
        Info: 2: + IC(0.332 ns) + CELL(0.537 ns) = 1.868 ns; Loc. = LCFF_X64_Y19_N1; Fanout = 2; REG Node = 'A'
        Info: Total cell delay = 1.536 ns ( 82.23 % )
        Info: Total interconnect delay = 0.332 ns ( 17.77 % )
    Info: + Micro hold delay of destination is 0.266 ns
    Info: - Shortest pin to register delay is 1.582 ns
        Info: 1: + IC(0.000 ns) + CELL(0.999 ns) = 0.999 ns; Loc. = PIN_P25; Fanout = 1; PIN Node = 'K'
        Info: 2: + IC(0.349 ns) + CELL(0.150 ns) = 1.498 ns; Loc. = LCCOMB_X64_Y19_N0; Fanout = 1; COMB Node = 'A~41'
        Info: 3: + IC(0.000 ns) + CELL(0.084 ns) = 1.582 ns; Loc. = LCFF_X64_Y19_N1; Fanout = 2; REG Node = 'A'
        Info: Total cell delay = 1.233 ns ( 77.94 % )
        Info: Total interconnect delay = 0.349 ns ( 22.06 % )
Info: Quartus II Classic Timing Analyzer was successful. 0 errors, 1 warning
    Info: Peak virtual memory: 183 megabytes
    Info: Processing ended: Wed Jul 03 16:23:04 2024
    Info: Elapsed time: 00:00:00
    Info: Total CPU time (on all processors): 00:00:00


