Classic Timing Analyzer report for COUNT10
Wed Jul 03 13:57:20 2024
Quartus II Version 8.1 Build 163 10/28/2008 SJ Web Edition


---------------------
; Table of Contents ;
---------------------
  1. Legal Notice
  2. Timing Analyzer Summary
  3. Timing Analyzer Settings
  4. Clock Settings Summary
  5. Clock Setup: 'CLK'
  6. tco
  7. Timing Analyzer Messages



----------------
; Legal Notice ;
----------------
Copyright (C) 1991-2008 Altera Corporation
Your use of Altera Corporation's design tools, logic functions 
and other software and tools, and its AMPP partner logic 
functions, and any output files from any of the foregoing 
(including device programming or simulation files), and any 
associated documentation or information are expressly subject 
to the terms and conditions of the Altera Program License 
Subscription Agreement, Altera MegaCore Function License 
Agreement, or other applicable license agreement, including, 
without limitation, that your use is for the sole purpose of 
programming logic devices manufactured by Altera and sold by 
Altera or its authorized distributors.  Please refer to the 
applicable agreement for further details.



+--------------------------------------------------------------------------------------------------------------------------------------------------------------+
; Timing Analyzer Summary                                                                                                                                      ;
+------------------------------+-------+---------------+------------------------------------------------+-------+-------+------------+----------+--------------+
; Type                         ; Slack ; Required Time ; Actual Time                                    ; From  ; To    ; From Clock ; To Clock ; Failed Paths ;
+------------------------------+-------+---------------+------------------------------------------------+-------+-------+------------+----------+--------------+
; Worst-case tco               ; N/A   ; None          ; 6.370 ns                                       ; TQ[1] ; Q[1]  ; CLK        ; --       ; 0            ;
; Clock Setup: 'CLK'           ; N/A   ; None          ; Restricted to 420.17 MHz ( period = 2.380 ns ) ; TQ[2] ; TQ[3] ; CLK        ; CLK      ; 0            ;
; Total number of failed paths ;       ;               ;                                                ;       ;       ;            ;          ; 0            ;
+------------------------------+-------+---------------+------------------------------------------------+-------+-------+------------+----------+--------------+


+--------------------------------------------------------------------------------------------------------------------+
; Timing Analyzer Settings                                                                                           ;
+---------------------------------------------------------------------+--------------------+------+----+-------------+
; Option                                                              ; Setting            ; From ; To ; Entity Name ;
+---------------------------------------------------------------------+--------------------+------+----+-------------+
; Device Name                                                         ; EP2C35F672C6       ;      ;    ;             ;
; Timing Models                                                       ; Final              ;      ;    ;             ;
; Default hold multicycle                                             ; Same as Multicycle ;      ;    ;             ;
; Cut paths between unrelated clock domains                           ; On                 ;      ;    ;             ;
; Cut off read during write signal paths                              ; On                 ;      ;    ;             ;
; Cut off feedback from I/O pins                                      ; On                 ;      ;    ;             ;
; Report Combined Fast/Slow Timing                                    ; Off                ;      ;    ;             ;
; Ignore Clock Settings                                               ; Off                ;      ;    ;             ;
; Analyze latches as synchronous elements                             ; On                 ;      ;    ;             ;
; Enable Recovery/Removal analysis                                    ; Off                ;      ;    ;             ;
; Enable Clock Latency                                                ; Off                ;      ;    ;             ;
; Use TimeQuest Timing Analyzer                                       ; Off                ;      ;    ;             ;
; Minimum Core Junction Temperature                                   ; 0                  ;      ;    ;             ;
; Maximum Core Junction Temperature                                   ; 85                 ;      ;    ;             ;
; Number of source nodes to report per destination node               ; 10                 ;      ;    ;             ;
; Number of destination nodes to report                               ; 10                 ;      ;    ;             ;
; Number of paths to report                                           ; 200                ;      ;    ;             ;
; Report Minimum Timing Checks                                        ; Off                ;      ;    ;             ;
; Use Fast Timing Models                                              ; Off                ;      ;    ;             ;
; Report IO Paths Separately                                          ; Off                ;      ;    ;             ;
; Perform Multicorner Analysis                                        ; On                 ;      ;    ;             ;
; Reports the worst-case path for each clock domain and analysis      ; Off                ;      ;    ;             ;
; Removes common clock path pessimism (CCPP) during slack computation ; Off                ;      ;    ;             ;
; Output I/O Timing Endpoint                                          ; Near End           ;      ;    ;             ;
+---------------------------------------------------------------------+--------------------+------+----+-------------+


+------------------------------------------------------------------------------------------------------------------------------------------------------------------------------------+
; Clock Settings Summary                                                                                                                                                             ;
+-----------------+--------------------+----------+------------------+---------------+--------------+----------+-----------------------+---------------------+--------+--------------+
; Clock Node Name ; Clock Setting Name ; Type     ; Fmax Requirement ; Early Latency ; Late Latency ; Based on ; Multiply Base Fmax by ; Divide Base Fmax by ; Offset ; Phase offset ;
+-----------------+--------------------+----------+------------------+---------------+--------------+----------+-----------------------+---------------------+--------+--------------+
; CLK             ;                    ; User Pin ; None             ; 0.000 ns      ; 0.000 ns     ; --       ; N/A                   ; N/A                 ; N/A    ;              ;
+-----------------+--------------------+----------+------------------+---------------+--------------+----------+-----------------------+---------------------+--------+--------------+


+------------------------------------------------------------------------------------------------------------------------------------------------------------------------------------+
; Clock Setup: 'CLK'                                                                                                                                                                 ;
+-------+------------------------------------------------+-------+-------+------------+----------+-----------------------------+---------------------------+-------------------------+
; Slack ; Actual fmax (period)                           ; From  ; To    ; From Clock ; To Clock ; Required Setup Relationship ; Required Longest P2P Time ; Actual Longest P2P Time ;
+-------+------------------------------------------------+-------+-------+------------+----------+-----------------------------+---------------------------+-------------------------+
; N/A   ; Restricted to 420.17 MHz ( period = 2.380 ns ) ; TQ[2] ; TQ[3] ; CLK        ; CLK      ; None                        ; None                      ; 0.856 ns                ;
; N/A   ; Restricted to 420.17 MHz ( period = 2.380 ns ) ; TQ[2] ; TQ[1] ; CLK        ; CLK      ; None                        ; None                      ; 0.855 ns                ;
; N/A   ; Restricted to 420.17 MHz ( period = 2.380 ns ) ; TQ[0] ; TQ[3] ; CLK        ; CLK      ; None                        ; None                      ; 0.831 ns                ;
; N/A   ; Restricted to 420.17 MHz ( period = 2.380 ns ) ; TQ[0] ; TQ[2] ; CLK        ; CLK      ; None                        ; None                      ; 0.829 ns                ;
; N/A   ; Restricted to 420.17 MHz ( period = 2.380 ns ) ; TQ[3] ; TQ[1] ; CLK        ; CLK      ; None                        ; None                      ; 0.813 ns                ;
; N/A   ; Restricted to 420.17 MHz ( period = 2.380 ns ) ; TQ[0] ; TQ[1] ; CLK        ; CLK      ; None                        ; None                      ; 0.557 ns                ;
; N/A   ; Restricted to 420.17 MHz ( period = 2.380 ns ) ; TQ[1] ; TQ[2] ; CLK        ; CLK      ; None                        ; None                      ; 0.546 ns                ;
; N/A   ; Restricted to 420.17 MHz ( period = 2.380 ns ) ; TQ[1] ; TQ[3] ; CLK        ; CLK      ; None                        ; None                      ; 0.545 ns                ;
; N/A   ; Restricted to 420.17 MHz ( period = 2.380 ns ) ; TQ[0] ; TQ[0] ; CLK        ; CLK      ; None                        ; None                      ; 0.407 ns                ;
; N/A   ; Restricted to 420.17 MHz ( period = 2.380 ns ) ; TQ[1] ; TQ[1] ; CLK        ; CLK      ; None                        ; None                      ; 0.407 ns                ;
; N/A   ; Restricted to 420.17 MHz ( period = 2.380 ns ) ; TQ[2] ; TQ[2] ; CLK        ; CLK      ; None                        ; None                      ; 0.407 ns                ;
; N/A   ; Restricted to 420.17 MHz ( period = 2.380 ns ) ; TQ[3] ; TQ[3] ; CLK        ; CLK      ; None                        ; None                      ; 0.407 ns                ;
+-------+------------------------------------------------+-------+-------+------------+----------+-----------------------------+---------------------------+-------------------------+


+---------------------------------------------------------------+
; tco                                                           ;
+-------+--------------+------------+-------+------+------------+
; Slack ; Required tco ; Actual tco ; From  ; To   ; From Clock ;
+-------+--------------+------------+-------+------+------------+
; N/A   ; None         ; 6.370 ns   ; TQ[1] ; Q[1] ; CLK        ;
; N/A   ; None         ; 6.368 ns   ; TQ[0] ; Q[0] ; CLK        ;
; N/A   ; None         ; 6.340 ns   ; TQ[3] ; Q[3] ; CLK        ;
; N/A   ; None         ; 6.340 ns   ; TQ[2] ; Q[2] ; CLK        ;
+-------+--------------+------------+-------+------+------------+


+--------------------------+
; Timing Analyzer Messages ;
+--------------------------+
Info: *******************************************************************
Info: Running Quartus II Classic Timing Analyzer
    Info: Version 8.1 Build 163 10/28/2008 SJ Web Edition
    Info: Processing started: Wed Jul 03 13:57:20 2024
Info: Command: quartus_tan --read_settings_files=off --write_settings_files=off COUNT10 -c COUNT10 --timing_analysis_only
Warning: Found pins functioning as undefined clocks and/or memory enables
    Info: Assuming node "CLK" is an undefined clock
Info: Clock "CLK" Internal fmax is restricted to 420.17 MHz between source register "TQ[2]" and destination register "TQ[3]"
    Info: fmax restricted to clock pin edge rate 2.38 ns. Expand message to see actual delay path.
        Info: + Longest register to register delay is 0.856 ns
            Info: 1: + IC(0.000 ns) + CELL(0.000 ns) = 0.000 ns; Loc. = LCFF_X63_Y1_N13; Fanout = 4; REG Node = 'TQ[2]'
            Info: 2: + IC(0.334 ns) + CELL(0.438 ns) = 0.772 ns; Loc. = LCCOMB_X63_Y1_N22; Fanout = 1; COMB Node = 'TQ~98'
            Info: 3: + IC(0.000 ns) + CELL(0.084 ns) = 0.856 ns; Loc. = LCFF_X63_Y1_N23; Fanout = 3; REG Node = 'TQ[3]'
            Info: Total cell delay = 0.522 ns ( 60.98 % )
            Info: Total interconnect delay = 0.334 ns ( 39.02 % )
        Info: - Smallest clock skew is 0.000 ns
            Info: + Shortest clock path from clock "CLK" to destination register is 2.669 ns
                Info: 1: + IC(0.000 ns) + CELL(0.979 ns) = 0.979 ns; Loc. = PIN_D13; Fanout = 1; CLK Node = 'CLK'
                Info: 2: + IC(0.113 ns) + CELL(0.000 ns) = 1.092 ns; Loc. = CLKCTRL_G11; Fanout = 4; COMB Node = 'CLK~clkctrl'
                Info: 3: + IC(1.040 ns) + CELL(0.537 ns) = 2.669 ns; Loc. = LCFF_X63_Y1_N23; Fanout = 3; REG Node = 'TQ[3]'
                Info: Total cell delay = 1.516 ns ( 56.80 % )
                Info: Total interconnect delay = 1.153 ns ( 43.20 % )
            Info: - Longest clock path from clock "CLK" to source register is 2.669 ns
                Info: 1: + IC(0.000 ns) + CELL(0.979 ns) = 0.979 ns; Loc. = PIN_D13; Fanout = 1; CLK Node = 'CLK'
                Info: 2: + IC(0.113 ns) + CELL(0.000 ns) = 1.092 ns; Loc. = CLKCTRL_G11; Fanout = 4; COMB Node = 'CLK~clkctrl'
                Info: 3: + IC(1.040 ns) + CELL(0.537 ns) = 2.669 ns; Loc. = LCFF_X63_Y1_N13; Fanout = 4; REG Node = 'TQ[2]'
                Info: Total cell delay = 1.516 ns ( 56.80 % )
                Info: Total interconnect delay = 1.153 ns ( 43.20 % )
        Info: + Micro clock to output delay of source is 0.250 ns
        Info: + Micro setup delay of destination is -0.036 ns
Info: tco from clock "CLK" to destination pin "Q[1]" through register "TQ[1]" is 6.370 ns
    Info: + Longest clock path from clock "CLK" to source register is 2.669 ns
        Info: 1: + IC(0.000 ns) + CELL(0.979 ns) = 0.979 ns; Loc. = PIN_D13; Fanout = 1; CLK Node = 'CLK'
        Info: 2: + IC(0.113 ns) + CELL(0.000 ns) = 1.092 ns; Loc. = CLKCTRL_G11; Fanout = 4; COMB Node = 'CLK~clkctrl'
        Info: 3: + IC(1.040 ns) + CELL(0.537 ns) = 2.669 ns; Loc. = LCFF_X63_Y1_N27; Fanout = 4; REG Node = 'TQ[1]'
        Info: Total cell delay = 1.516 ns ( 56.80 % )
        Info: Total interconnect delay = 1.153 ns ( 43.20 % )
    Info: + Micro clock to output delay of source is 0.250 ns
    Info: + Longest register to pin delay is 3.451 ns
        Info: 1: + IC(0.000 ns) + CELL(0.000 ns) = 0.000 ns; Loc. = LCFF_X63_Y1_N27; Fanout = 4; REG Node = 'TQ[1]'
        Info: 2: + IC(0.633 ns) + CELL(2.818 ns) = 3.451 ns; Loc. = PIN_AF23; Fanout = 0; PIN Node = 'Q[1]'
        Info: Total cell delay = 2.818 ns ( 81.66 % )
        Info: Total interconnect delay = 0.633 ns ( 18.34 % )
Info: Quartus II Classic Timing Analyzer was successful. 0 errors, 1 warning
    Info: Peak virtual memory: 183 megabytes
    Info: Processing ended: Wed Jul 03 13:57:20 2024
    Info: Elapsed time: 00:00:00
    Info: Total CPU time (on all processors): 00:00:00


