Classic Timing Analyzer report for work35
Wed Jun 26 14:47:54 2024
Quartus II Version 8.1 Build 163 10/28/2008 SJ Web Edition


---------------------
; Table of Contents ;
---------------------
  1. Legal Notice
  2. Timing Analyzer Summary
  3. Timing Analyzer Settings
  4. tpd
  5. Timing Analyzer Messages



----------------
; Legal Notice ;
----------------
Copyright (C) 1991-2008 Altera Corporation
Your use of Altera Corporation's design tools, logic functions 
and other software and tools, and its AMPP partner logic 
functions, and any output files from any of the foregoing 
(including device programming or simulation files), and any 
associated documentation or information are expressly subject 
to the terms and conditions of the Altera Program License 
Subscription Agreement, Altera MegaCore Function License 
Agreement, or other applicable license agreement, including, 
without limitation, that your use is for the sole purpose of 
programming logic devices manufactured by Altera and sold by 
Altera or its authorized distributors.  Please refer to the 
applicable agreement for further details.



+-----------------------------------------------------------------------------------------------------------------------------------+
; Timing Analyzer Summary                                                                                                           ;
+------------------------------+-------+---------------+-------------+----------+------------+------------+----------+--------------+
; Type                         ; Slack ; Required Time ; Actual Time ; From     ; To         ; From Clock ; To Clock ; Failed Paths ;
+------------------------------+-------+---------------+-------------+----------+------------+------------+----------+--------------+
; Worst-case tpd               ; N/A   ; None          ; 6.455 ns    ; sw_in[0] ; led_out[2] ; --         ; --       ; 0            ;
; Total number of failed paths ;       ;               ;             ;          ;            ;            ;          ; 0            ;
+------------------------------+-------+---------------+-------------+----------+------------+------------+----------+--------------+


+--------------------------------------------------------------------------------------------------------------------+
; Timing Analyzer Settings                                                                                           ;
+---------------------------------------------------------------------+--------------------+------+----+-------------+
; Option                                                              ; Setting            ; From ; To ; Entity Name ;
+---------------------------------------------------------------------+--------------------+------+----+-------------+
; Device Name                                                         ; EP2C35F672C6       ;      ;    ;             ;
; Timing Models                                                       ; Final              ;      ;    ;             ;
; Default hold multicycle                                             ; Same as Multicycle ;      ;    ;             ;
; Cut paths between unrelated clock domains                           ; On                 ;      ;    ;             ;
; Cut off read during write signal paths                              ; On                 ;      ;    ;             ;
; Cut off feedback from I/O pins                                      ; On                 ;      ;    ;             ;
; Report Combined Fast/Slow Timing                                    ; Off                ;      ;    ;             ;
; Ignore Clock Settings                                               ; Off                ;      ;    ;             ;
; Analyze latches as synchronous elements                             ; On                 ;      ;    ;             ;
; Enable Recovery/Removal analysis                                    ; Off                ;      ;    ;             ;
; Enable Clock Latency                                                ; Off                ;      ;    ;             ;
; Use TimeQuest Timing Analyzer                                       ; Off                ;      ;    ;             ;
; Minimum Core Junction Temperature                                   ; 0                  ;      ;    ;             ;
; Maximum Core Junction Temperature                                   ; 85                 ;      ;    ;             ;
; Number of source nodes to report per destination node               ; 10                 ;      ;    ;             ;
; Number of destination nodes to report                               ; 10                 ;      ;    ;             ;
; Number of paths to report                                           ; 200                ;      ;    ;             ;
; Report Minimum Timing Checks                                        ; Off                ;      ;    ;             ;
; Use Fast Timing Models                                              ; Off                ;      ;    ;             ;
; Report IO Paths Separately                                          ; Off                ;      ;    ;             ;
; Perform Multicorner Analysis                                        ; On                 ;      ;    ;             ;
; Reports the worst-case path for each clock domain and analysis      ; Off                ;      ;    ;             ;
; Removes common clock path pessimism (CCPP) during slack computation ; Off                ;      ;    ;             ;
; Output I/O Timing Endpoint                                          ; Near End           ;      ;    ;             ;
+---------------------------------------------------------------------+--------------------+------+----+-------------+


+---------------------------------------------------------------------+
; tpd                                                                 ;
+-------+-------------------+-----------------+----------+------------+
; Slack ; Required P2P Time ; Actual P2P Time ; From     ; To         ;
+-------+-------------------+-----------------+----------+------------+
; N/A   ; None              ; 6.455 ns        ; sw_in[0] ; led_out[2] ;
; N/A   ; None              ; 6.444 ns        ; sw_in[0] ; led_out[3] ;
; N/A   ; None              ; 6.423 ns        ; sw_in[3] ; led_out[3] ;
; N/A   ; None              ; 6.337 ns        ; sw_in[2] ; led_out[2] ;
; N/A   ; None              ; 6.336 ns        ; sw_in[2] ; led_out[3] ;
; N/A   ; None              ; 6.334 ns        ; sw_in[0] ; led_out[1] ;
; N/A   ; None              ; 6.212 ns        ; sw_in[1] ; led_out[1] ;
; N/A   ; None              ; 6.192 ns        ; sw_in[1] ; led_out[2] ;
; N/A   ; None              ; 6.184 ns        ; sw_in[1] ; led_out[3] ;
; N/A   ; None              ; 5.636 ns        ; sw_in[0] ; led_out[0] ;
+-------+-------------------+-----------------+----------+------------+


+--------------------------+
; Timing Analyzer Messages ;
+--------------------------+
Info: *******************************************************************
Info: Running Quartus II Classic Timing Analyzer
    Info: Version 8.1 Build 163 10/28/2008 SJ Web Edition
    Info: Processing started: Wed Jun 26 14:47:54 2024
Info: Command: quartus_tan --read_settings_files=off --write_settings_files=off work35 -c work35 --timing_analysis_only
Info: Longest tpd from source pin "sw_in[0]" to destination pin "led_out[2]" is 6.455 ns
    Info: 1: + IC(0.000 ns) + CELL(0.999 ns) = 0.999 ns; Loc. = PIN_N25; Fanout = 4; PIN Node = 'sw_in[0]'
    Info: 2: + IC(1.624 ns) + CELL(0.420 ns) = 3.043 ns; Loc. = LCCOMB_X64_Y3_N18; Fanout = 1; COMB Node = 'Add0~85'
    Info: 3: + IC(0.624 ns) + CELL(2.788 ns) = 6.455 ns; Loc. = PIN_AB21; Fanout = 0; PIN Node = 'led_out[2]'
    Info: Total cell delay = 4.207 ns ( 65.17 % )
    Info: Total interconnect delay = 2.248 ns ( 34.83 % )
Info: Quartus II Classic Timing Analyzer was successful. 0 errors, 0 warnings
    Info: Peak virtual memory: 183 megabytes
    Info: Processing ended: Wed Jun 26 14:47:54 2024
    Info: Elapsed time: 00:00:00
    Info: Total CPU time (on all processors): 00:00:00


