Classic Timing Analyzer report for kadai3
Wed Jul 03 14:19:42 2024
Quartus II Version 8.1 Build 163 10/28/2008 SJ Web Edition


---------------------
; Table of Contents ;
---------------------
  1. Legal Notice
  2. Timing Analyzer Summary
  3. Timing Analyzer Settings
  4. Clock Settings Summary
  5. tsu
  6. tco
  7. th
  8. Timing Analyzer Messages



----------------
; Legal Notice ;
----------------
Copyright (C) 1991-2008 Altera Corporation
Your use of Altera Corporation's design tools, logic functions 
and other software and tools, and its AMPP partner logic 
functions, and any output files from any of the foregoing 
(including device programming or simulation files), and any 
associated documentation or information are expressly subject 
to the terms and conditions of the Altera Program License 
Subscription Agreement, Altera MegaCore Function License 
Agreement, or other applicable license agreement, including, 
without limitation, that your use is for the sole purpose of 
programming logic devices manufactured by Altera and sold by 
Altera or its authorized distributors.  Please refer to the 
applicable agreement for further details.



+-------------------------------------------------------------------------------------------------------------------------------+
; Timing Analyzer Summary                                                                                                       ;
+------------------------------+-------+---------------+-------------+---------+---------+------------+----------+--------------+
; Type                         ; Slack ; Required Time ; Actual Time ; From    ; To      ; From Clock ; To Clock ; Failed Paths ;
+------------------------------+-------+---------------+-------------+---------+---------+------------+----------+--------------+
; Worst-case tsu               ; N/A   ; None          ; -0.325 ns   ; D       ; NQ~reg0 ; --         ; CLK      ; 0            ;
; Worst-case tco               ; N/A   ; None          ; 6.877 ns    ; NQ~reg0 ; Q       ; CLK        ; --       ; 0            ;
; Worst-case th                ; N/A   ; None          ; 0.555 ns    ; D       ; NQ~reg0 ; --         ; CLK      ; 0            ;
; Total number of failed paths ;       ;               ;             ;         ;         ;            ;          ; 0            ;
+------------------------------+-------+---------------+-------------+---------+---------+------------+----------+--------------+


+--------------------------------------------------------------------------------------------------------------------+
; Timing Analyzer Settings                                                                                           ;
+---------------------------------------------------------------------+--------------------+------+----+-------------+
; Option                                                              ; Setting            ; From ; To ; Entity Name ;
+---------------------------------------------------------------------+--------------------+------+----+-------------+
; Device Name                                                         ; EP2C35F672C6       ;      ;    ;             ;
; Timing Models                                                       ; Final              ;      ;    ;             ;
; Default hold multicycle                                             ; Same as Multicycle ;      ;    ;             ;
; Cut paths between unrelated clock domains                           ; On                 ;      ;    ;             ;
; Cut off read during write signal paths                              ; On                 ;      ;    ;             ;
; Cut off feedback from I/O pins                                      ; On                 ;      ;    ;             ;
; Report Combined Fast/Slow Timing                                    ; Off                ;      ;    ;             ;
; Ignore Clock Settings                                               ; Off                ;      ;    ;             ;
; Analyze latches as synchronous elements                             ; On                 ;      ;    ;             ;
; Enable Recovery/Removal analysis                                    ; Off                ;      ;    ;             ;
; Enable Clock Latency                                                ; Off                ;      ;    ;             ;
; Use TimeQuest Timing Analyzer                                       ; Off                ;      ;    ;             ;
; Minimum Core Junction Temperature                                   ; 0                  ;      ;    ;             ;
; Maximum Core Junction Temperature                                   ; 85                 ;      ;    ;             ;
; Number of source nodes to report per destination node               ; 10                 ;      ;    ;             ;
; Number of destination nodes to report                               ; 10                 ;      ;    ;             ;
; Number of paths to report                                           ; 200                ;      ;    ;             ;
; Report Minimum Timing Checks                                        ; Off                ;      ;    ;             ;
; Use Fast Timing Models                                              ; Off                ;      ;    ;             ;
; Report IO Paths Separately                                          ; Off                ;      ;    ;             ;
; Perform Multicorner Analysis                                        ; On                 ;      ;    ;             ;
; Reports the worst-case path for each clock domain and analysis      ; Off                ;      ;    ;             ;
; Removes common clock path pessimism (CCPP) during slack computation ; Off                ;      ;    ;             ;
; Output I/O Timing Endpoint                                          ; Near End           ;      ;    ;             ;
+---------------------------------------------------------------------+--------------------+------+----+-------------+


+------------------------------------------------------------------------------------------------------------------------------------------------------------------------------------+
; Clock Settings Summary                                                                                                                                                             ;
+-----------------+--------------------+----------+------------------+---------------+--------------+----------+-----------------------+---------------------+--------+--------------+
; Clock Node Name ; Clock Setting Name ; Type     ; Fmax Requirement ; Early Latency ; Late Latency ; Based on ; Multiply Base Fmax by ; Divide Base Fmax by ; Offset ; Phase offset ;
+-----------------+--------------------+----------+------------------+---------------+--------------+----------+-----------------------+---------------------+--------+--------------+
; CLK             ;                    ; User Pin ; None             ; 0.000 ns      ; 0.000 ns     ; --       ; N/A                   ; N/A                 ; N/A    ;              ;
+-----------------+--------------------+----------+------------------+---------------+--------------+----------+-----------------------+---------------------+--------+--------------+


+---------------------------------------------------------------+
; tsu                                                           ;
+-------+--------------+------------+------+---------+----------+
; Slack ; Required tsu ; Actual tsu ; From ; To      ; To Clock ;
+-------+--------------+------------+------+---------+----------+
; N/A   ; None         ; -0.325 ns  ; D    ; NQ~reg0 ; CLK      ;
+-------+--------------+------------+------+---------+----------+


+---------------------------------------------------------------+
; tco                                                           ;
+-------+--------------+------------+---------+----+------------+
; Slack ; Required tco ; Actual tco ; From    ; To ; From Clock ;
+-------+--------------+------------+---------+----+------------+
; N/A   ; None         ; 6.877 ns   ; NQ~reg0 ; NQ ; CLK        ;
; N/A   ; None         ; 6.877 ns   ; NQ~reg0 ; Q  ; CLK        ;
+-------+--------------+------------+---------+----+------------+


+---------------------------------------------------------------------+
; th                                                                  ;
+---------------+-------------+-----------+------+---------+----------+
; Minimum Slack ; Required th ; Actual th ; From ; To      ; To Clock ;
+---------------+-------------+-----------+------+---------+----------+
; N/A           ; None        ; 0.555 ns  ; D    ; NQ~reg0 ; CLK      ;
+---------------+-------------+-----------+------+---------+----------+


+--------------------------+
; Timing Analyzer Messages ;
+--------------------------+
Info: *******************************************************************
Info: Running Quartus II Classic Timing Analyzer
    Info: Version 8.1 Build 163 10/28/2008 SJ Web Edition
    Info: Processing started: Wed Jul 03 14:19:42 2024
Info: Command: quartus_tan --read_settings_files=off --write_settings_files=off kadai3 -c kadai3 --timing_analysis_only
Warning: Found pins functioning as undefined clocks and/or memory enables
    Info: Assuming node "CLK" is an undefined clock
Info: No valid register-to-register data paths exist for clock "CLK"
Info: tsu for register "NQ~reg0" (data pin = "D", clock pin = "CLK") is -0.325 ns
    Info: + Longest pin to register delay is 1.579 ns
        Info: 1: + IC(0.000 ns) + CELL(0.999 ns) = 0.999 ns; Loc. = PIN_N26; Fanout = 1; PIN Node = 'D'
        Info: 2: + IC(0.346 ns) + CELL(0.150 ns) = 1.495 ns; Loc. = LCCOMB_X64_Y19_N0; Fanout = 1; COMB Node = 'NQ~2'
        Info: 3: + IC(0.000 ns) + CELL(0.084 ns) = 1.579 ns; Loc. = LCFF_X64_Y19_N1; Fanout = 2; REG Node = 'NQ~reg0'
        Info: Total cell delay = 1.233 ns ( 78.09 % )
        Info: Total interconnect delay = 0.346 ns ( 21.91 % )
    Info: + Micro setup delay of destination is -0.036 ns
    Info: - Shortest clock path from clock "CLK" to destination register is 1.868 ns
        Info: 1: + IC(0.000 ns) + CELL(0.999 ns) = 0.999 ns; Loc. = PIN_N25; Fanout = 1; CLK Node = 'CLK'
        Info: 2: + IC(0.332 ns) + CELL(0.537 ns) = 1.868 ns; Loc. = LCFF_X64_Y19_N1; Fanout = 2; REG Node = 'NQ~reg0'
        Info: Total cell delay = 1.536 ns ( 82.23 % )
        Info: Total interconnect delay = 0.332 ns ( 17.77 % )
Info: tco from clock "CLK" to destination pin "NQ" through register "NQ~reg0" is 6.877 ns
    Info: + Longest clock path from clock "CLK" to source register is 1.868 ns
        Info: 1: + IC(0.000 ns) + CELL(0.999 ns) = 0.999 ns; Loc. = PIN_N25; Fanout = 1; CLK Node = 'CLK'
        Info: 2: + IC(0.332 ns) + CELL(0.537 ns) = 1.868 ns; Loc. = LCFF_X64_Y19_N1; Fanout = 2; REG Node = 'NQ~reg0'
        Info: Total cell delay = 1.536 ns ( 82.23 % )
        Info: Total interconnect delay = 0.332 ns ( 17.77 % )
    Info: + Micro clock to output delay of source is 0.250 ns
    Info: + Longest register to pin delay is 4.759 ns
        Info: 1: + IC(0.000 ns) + CELL(0.000 ns) = 0.000 ns; Loc. = LCFF_X64_Y19_N1; Fanout = 2; REG Node = 'NQ~reg0'
        Info: 2: + IC(1.941 ns) + CELL(2.818 ns) = 4.759 ns; Loc. = PIN_AE23; Fanout = 0; PIN Node = 'NQ'
        Info: Total cell delay = 2.818 ns ( 59.21 % )
        Info: Total interconnect delay = 1.941 ns ( 40.79 % )
Info: th for register "NQ~reg0" (data pin = "D", clock pin = "CLK") is 0.555 ns
    Info: + Longest clock path from clock "CLK" to destination register is 1.868 ns
        Info: 1: + IC(0.000 ns) + CELL(0.999 ns) = 0.999 ns; Loc. = PIN_N25; Fanout = 1; CLK Node = 'CLK'
        Info: 2: + IC(0.332 ns) + CELL(0.537 ns) = 1.868 ns; Loc. = LCFF_X64_Y19_N1; Fanout = 2; REG Node = 'NQ~reg0'
        Info: Total cell delay = 1.536 ns ( 82.23 % )
        Info: Total interconnect delay = 0.332 ns ( 17.77 % )
    Info: + Micro hold delay of destination is 0.266 ns
    Info: - Shortest pin to register delay is 1.579 ns
        Info: 1: + IC(0.000 ns) + CELL(0.999 ns) = 0.999 ns; Loc. = PIN_N26; Fanout = 1; PIN Node = 'D'
        Info: 2: + IC(0.346 ns) + CELL(0.150 ns) = 1.495 ns; Loc. = LCCOMB_X64_Y19_N0; Fanout = 1; COMB Node = 'NQ~2'
        Info: 3: + IC(0.000 ns) + CELL(0.084 ns) = 1.579 ns; Loc. = LCFF_X64_Y19_N1; Fanout = 2; REG Node = 'NQ~reg0'
        Info: Total cell delay = 1.233 ns ( 78.09 % )
        Info: Total interconnect delay = 0.346 ns ( 21.91 % )
Info: Quartus II Classic Timing Analyzer was successful. 0 errors, 1 warning
    Info: Peak virtual memory: 182 megabytes
    Info: Processing ended: Wed Jul 03 14:19:42 2024
    Info: Elapsed time: 00:00:00
    Info: Total CPU time (on all processors): 00:00:00


