Flow report for kadai3
Wed Jul 03 14:19:42 2024
Quartus II Version 8.1 Build 163 10/28/2008 SJ Web Edition


---------------------
; Table of Contents ;
---------------------
  1. Legal Notice
  2. Flow Summary
  3. Flow Settings
  4. Flow Non-Default Global Settings
  5. Flow Elapsed Time
  6. Flow OS Summary
  7. Flow Log



----------------
; Legal Notice ;
----------------
Copyright (C) 1991-2008 Altera Corporation
Your use of Altera Corporation's design tools, logic functions 
and other software and tools, and its AMPP partner logic 
functions, and any output files from any of the foregoing 
(including device programming or simulation files), and any 
associated documentation or information are expressly subject 
to the terms and conditions of the Altera Program License 
Subscription Agreement, Altera MegaCore Function License 
Agreement, or other applicable license agreement, including, 
without limitation, that your use is for the sole purpose of 
programming logic devices manufactured by Altera and sold by 
Altera or its authorized distributors.  Please refer to the 
applicable agreement for further details.



+------------------------------------------------------------------------------+
; Flow Summary                                                                 ;
+------------------------------------+-----------------------------------------+
; Flow Status                        ; Successful - Wed Jul 03 14:19:42 2024   ;
; Quartus II Version                 ; 8.1 Build 163 10/28/2008 SJ Web Edition ;
; Revision Name                      ; kadai3                                  ;
; Top-level Entity Name              ; kadai3                                  ;
; Family                             ; Cyclone II                              ;
; Device                             ; EP2C35F672C6                            ;
; Timing Models                      ; Final                                   ;
; Met timing requirements            ; Yes                                     ;
; Total logic elements               ; 1 / 33,216 ( < 1 % )                    ;
;     Total combinational functions  ; 1 / 33,216 ( < 1 % )                    ;
;     Dedicated logic registers      ; 1 / 33,216 ( < 1 % )                    ;
; Total registers                    ; 1                                       ;
; Total pins                         ; 4 / 475 ( < 1 % )                       ;
; Total virtual pins                 ; 0                                       ;
; Total memory bits                  ; 0 / 483,840 ( 0 % )                     ;
; Embedded Multiplier 9-bit elements ; 0 / 70 ( 0 % )                          ;
; Total PLLs                         ; 0 / 4 ( 0 % )                           ;
+------------------------------------+-----------------------------------------+


+-----------------------------------------+
; Flow Settings                           ;
+-------------------+---------------------+
; Option            ; Setting             ;
+-------------------+---------------------+
; Start date & time ; 07/03/2024 14:19:34 ;
; Main task         ; Compilation         ;
; Revision Name     ; kadai3              ;
+-------------------+---------------------+


+---------------------------------------------------------------------------------------------------------------------------------+
; Flow Non-Default Global Settings                                                                                                ;
+------------------------------------+---------------------------------------------+---------------+-------------+----------------+
; Assignment Name                    ; Value                                       ; Default Value ; Entity Name ; Section Id     ;
+------------------------------------+---------------------------------------------+---------------+-------------+----------------+
; COMPILER_SIGNATURE_ID              ; 268525803266632.171998397404916             ; --            ; --          ; --             ;
; MAX_CORE_JUNCTION_TEMP             ; 85                                          ; --            ; --          ; --             ;
; MIN_CORE_JUNCTION_TEMP             ; 0                                           ; --            ; --          ; --             ;
; MISC_FILE                          ; C:/Users/hiuser/Desktop/kadai4-1/kadai3.dpf ; --            ; --          ; --             ;
; PARTITION_COLOR                    ; 16764057                                    ; --            ; --          ; Top            ;
; PARTITION_NETLIST_TYPE             ; SOURCE                                      ; --            ; --          ; Top            ;
; USE_GENERATED_PHYSICAL_CONSTRAINTS ; Off                                         ; --            ; --          ; eda_blast_fpga ;
+------------------------------------+---------------------------------------------+---------------+-------------+----------------+


+-----------------------------------------------------------------------------------------------------------------------------+
; Flow Elapsed Time                                                                                                           ;
+-------------------------+--------------+-------------------------+---------------------+------------------------------------+
; Module Name             ; Elapsed Time ; Average Processors Used ; Peak Virtual Memory ; Total CPU Time (on all processors) ;
+-------------------------+--------------+-------------------------+---------------------+------------------------------------+
; Analysis & Synthesis    ; 00:00:01     ; 1.0                     ; 237 MB              ; 00:00:01                           ;
; Fitter                  ; 00:00:03     ; 1.0                     ; 288 MB              ; 00:00:03                           ;
; Assembler               ; 00:00:01     ; 1.0                     ; 262 MB              ; 00:00:01                           ;
; Classic Timing Analyzer ; 00:00:00     ; 1.0                     ; 168 MB              ; 00:00:00                           ;
; Total                   ; 00:00:05     ; --                      ; --                  ; 00:00:05                           ;
+-------------------------+--------------+-------------------------+---------------------+------------------------------------+


+------------------------------------------------------------------------------------------+
; Flow OS Summary                                                                          ;
+-------------------------+------------------+---------------+------------+----------------+
; Module Name             ; Machine Hostname ; OS Name       ; OS Version ; Processor type ;
+-------------------------+------------------+---------------+------------+----------------+
; Analysis & Synthesis    ; hpc45            ; Windows Vista ; 6.2        ; x86_64         ;
; Fitter                  ; hpc45            ; Windows Vista ; 6.2        ; x86_64         ;
; Assembler               ; hpc45            ; Windows Vista ; 6.2        ; x86_64         ;
; Classic Timing Analyzer ; hpc45            ; Windows Vista ; 6.2        ; x86_64         ;
+-------------------------+------------------+---------------+------------+----------------+


------------
; Flow Log ;
------------
quartus_map --read_settings_files=on --write_settings_files=off kadai3 -c kadai3
quartus_fit --read_settings_files=off --write_settings_files=off kadai3 -c kadai3
quartus_asm --read_settings_files=off --write_settings_files=off kadai3 -c kadai3
quartus_tan --read_settings_files=off --write_settings_files=off kadai3 -c kadai3 --timing_analysis_only



