Classic Timing Analyzer report for st_man
Wed Jul 10 14:02:15 2024
Quartus II Version 8.1 Build 163 10/28/2008 SJ Web Edition


---------------------
; Table of Contents ;
---------------------
  1. Legal Notice
  2. Timing Analyzer Summary
  3. Timing Analyzer Settings
  4. Clock Settings Summary
  5. Clock Setup: 'CLK'
  6. tsu
  7. tco
  8. th
  9. Timing Analyzer Messages



----------------
; Legal Notice ;
----------------
Copyright (C) 1991-2008 Altera Corporation
Your use of Altera Corporation's design tools, logic functions 
and other software and tools, and its AMPP partner logic 
functions, and any output files from any of the foregoing 
(including device programming or simulation files), and any 
associated documentation or information are expressly subject 
to the terms and conditions of the Altera Program License 
Subscription Agreement, Altera MegaCore Function License 
Agreement, or other applicable license agreement, including, 
without limitation, that your use is for the sole purpose of 
programming logic devices manufactured by Altera and sold by 
Altera or its authorized distributors.  Please refer to the 
applicable agreement for further details.



+----------------------------------------------------------------------------------------------------------------------------------------------------------------------------------+
; Timing Analyzer Summary                                                                                                                                                          ;
+------------------------------+-------+---------------+------------------------------------------------+-----------------+-----------------+------------+----------+--------------+
; Type                         ; Slack ; Required Time ; Actual Time                                    ; From            ; To              ; From Clock ; To Clock ; Failed Paths ;
+------------------------------+-------+---------------+------------------------------------------------+-----------------+-----------------+------------+----------+--------------+
; Worst-case tsu               ; N/A   ; None          ; -0.747 ns                                      ; X               ; IS_STATE.STATE2 ; --         ; CLK      ; 0            ;
; Worst-case tco               ; N/A   ; None          ; 7.733 ns                                       ; IS_STATE.STATE2 ; Y[1]            ; CLK        ; --       ; 0            ;
; Worst-case th                ; N/A   ; None          ; 0.977 ns                                       ; X               ; IS_STATE.STATE2 ; --         ; CLK      ; 0            ;
; Clock Setup: 'CLK'           ; N/A   ; None          ; Restricted to 450.05 MHz ( period = 2.222 ns ) ; IS_STATE.STATE1 ; IS_STATE.STATE2 ; CLK        ; CLK      ; 0            ;
; Total number of failed paths ;       ;               ;                                                ;                 ;                 ;            ;          ; 0            ;
+------------------------------+-------+---------------+------------------------------------------------+-----------------+-----------------+------------+----------+--------------+


+--------------------------------------------------------------------------------------------------------------------+
; Timing Analyzer Settings                                                                                           ;
+---------------------------------------------------------------------+--------------------+------+----+-------------+
; Option                                                              ; Setting            ; From ; To ; Entity Name ;
+---------------------------------------------------------------------+--------------------+------+----+-------------+
; Device Name                                                         ; EP2C35F672C6       ;      ;    ;             ;
; Timing Models                                                       ; Final              ;      ;    ;             ;
; Default hold multicycle                                             ; Same as Multicycle ;      ;    ;             ;
; Cut paths between unrelated clock domains                           ; On                 ;      ;    ;             ;
; Cut off read during write signal paths                              ; On                 ;      ;    ;             ;
; Cut off feedback from I/O pins                                      ; On                 ;      ;    ;             ;
; Report Combined Fast/Slow Timing                                    ; Off                ;      ;    ;             ;
; Ignore Clock Settings                                               ; Off                ;      ;    ;             ;
; Analyze latches as synchronous elements                             ; On                 ;      ;    ;             ;
; Enable Recovery/Removal analysis                                    ; Off                ;      ;    ;             ;
; Enable Clock Latency                                                ; Off                ;      ;    ;             ;
; Use TimeQuest Timing Analyzer                                       ; Off                ;      ;    ;             ;
; Minimum Core Junction Temperature                                   ; 0                  ;      ;    ;             ;
; Maximum Core Junction Temperature                                   ; 85                 ;      ;    ;             ;
; Number of source nodes to report per destination node               ; 10                 ;      ;    ;             ;
; Number of destination nodes to report                               ; 10                 ;      ;    ;             ;
; Number of paths to report                                           ; 200                ;      ;    ;             ;
; Report Minimum Timing Checks                                        ; Off                ;      ;    ;             ;
; Use Fast Timing Models                                              ; Off                ;      ;    ;             ;
; Report IO Paths Separately                                          ; Off                ;      ;    ;             ;
; Perform Multicorner Analysis                                        ; On                 ;      ;    ;             ;
; Reports the worst-case path for each clock domain and analysis      ; Off                ;      ;    ;             ;
; Removes common clock path pessimism (CCPP) during slack computation ; Off                ;      ;    ;             ;
; Output I/O Timing Endpoint                                          ; Near End           ;      ;    ;             ;
+---------------------------------------------------------------------+--------------------+------+----+-------------+


+------------------------------------------------------------------------------------------------------------------------------------------------------------------------------------+
; Clock Settings Summary                                                                                                                                                             ;
+-----------------+--------------------+----------+------------------+---------------+--------------+----------+-----------------------+---------------------+--------+--------------+
; Clock Node Name ; Clock Setting Name ; Type     ; Fmax Requirement ; Early Latency ; Late Latency ; Based on ; Multiply Base Fmax by ; Divide Base Fmax by ; Offset ; Phase offset ;
+-----------------+--------------------+----------+------------------+---------------+--------------+----------+-----------------------+---------------------+--------+--------------+
; CLK             ;                    ; User Pin ; None             ; 0.000 ns      ; 0.000 ns     ; --       ; N/A                   ; N/A                 ; N/A    ;              ;
+-----------------+--------------------+----------+------------------+---------------+--------------+----------+-----------------------+---------------------+--------+--------------+


+--------------------------------------------------------------------------------------------------------------------------------------------------------------------------------------------------------+
; Clock Setup: 'CLK'                                                                                                                                                                                     ;
+-------+------------------------------------------------+-----------------+-----------------+------------+----------+-----------------------------+---------------------------+-------------------------+
; Slack ; Actual fmax (period)                           ; From            ; To              ; From Clock ; To Clock ; Required Setup Relationship ; Required Longest P2P Time ; Actual Longest P2P Time ;
+-------+------------------------------------------------+-----------------+-----------------+------------+----------+-----------------------------+---------------------------+-------------------------+
; N/A   ; Restricted to 450.05 MHz ( period = 2.222 ns ) ; IS_STATE.STATE2 ; IS_STATE.STATE0 ; CLK        ; CLK      ; None                        ; None                      ; 0.540 ns                ;
; N/A   ; Restricted to 450.05 MHz ( period = 2.222 ns ) ; IS_STATE.STATE1 ; IS_STATE.STATE2 ; CLK        ; CLK      ; None                        ; None                      ; 0.540 ns                ;
; N/A   ; Restricted to 450.05 MHz ( period = 2.222 ns ) ; IS_STATE.STATE0 ; IS_STATE.STATE1 ; CLK        ; CLK      ; None                        ; None                      ; 0.533 ns                ;
+-------+------------------------------------------------+-----------------+-----------------+------------+----------+-----------------------------+---------------------------+-------------------------+


+-----------------------------------------------------------------------+
; tsu                                                                   ;
+-------+--------------+------------+------+-----------------+----------+
; Slack ; Required tsu ; Actual tsu ; From ; To              ; To Clock ;
+-------+--------------+------------+------+-----------------+----------+
; N/A   ; None         ; -0.747 ns  ; X    ; IS_STATE.STATE1 ; CLK      ;
; N/A   ; None         ; -0.747 ns  ; X    ; IS_STATE.STATE0 ; CLK      ;
; N/A   ; None         ; -0.747 ns  ; X    ; IS_STATE.STATE2 ; CLK      ;
+-------+--------------+------------+------+-----------------+----------+


+-------------------------------------------------------------------------+
; tco                                                                     ;
+-------+--------------+------------+-----------------+------+------------+
; Slack ; Required tco ; Actual tco ; From            ; To   ; From Clock ;
+-------+--------------+------------+-----------------+------+------------+
; N/A   ; None         ; 7.733 ns   ; IS_STATE.STATE2 ; Y[1] ; CLK        ;
; N/A   ; None         ; 7.717 ns   ; IS_STATE.STATE1 ; Y[0] ; CLK        ;
+-------+--------------+------------+-----------------+------+------------+


+-----------------------------------------------------------------------------+
; th                                                                          ;
+---------------+-------------+-----------+------+-----------------+----------+
; Minimum Slack ; Required th ; Actual th ; From ; To              ; To Clock ;
+---------------+-------------+-----------+------+-----------------+----------+
; N/A           ; None        ; 0.977 ns  ; X    ; IS_STATE.STATE1 ; CLK      ;
; N/A           ; None        ; 0.977 ns  ; X    ; IS_STATE.STATE0 ; CLK      ;
; N/A           ; None        ; 0.977 ns  ; X    ; IS_STATE.STATE2 ; CLK      ;
+---------------+-------------+-----------+------+-----------------+----------+


+--------------------------+
; Timing Analyzer Messages ;
+--------------------------+
Info: *******************************************************************
Info: Running Quartus II Classic Timing Analyzer
    Info: Version 8.1 Build 163 10/28/2008 SJ Web Edition
    Info: Processing started: Wed Jul 10 14:02:15 2024
Info: Command: quartus_tan --read_settings_files=off --write_settings_files=off st_man -c st_man --timing_analysis_only
Warning: Found pins functioning as undefined clocks and/or memory enables
    Info: Assuming node "CLK" is an undefined clock
Info: Clock "CLK" Internal fmax is restricted to 450.05 MHz between source register "IS_STATE.STATE2" and destination register "IS_STATE.STATE0"
    Info: fmax restricted to clock pin edge rate 2.222 ns. Expand message to see actual delay path.
        Info: + Longest register to register delay is 0.540 ns
            Info: 1: + IC(0.000 ns) + CELL(0.000 ns) = 0.000 ns; Loc. = LCFF_X64_Y19_N27; Fanout = 2; REG Node = 'IS_STATE.STATE2'
            Info: 2: + IC(0.306 ns) + CELL(0.150 ns) = 0.456 ns; Loc. = LCCOMB_X64_Y19_N12; Fanout = 1; COMB Node = 'IS_STATE.STATE0~6'
            Info: 3: + IC(0.000 ns) + CELL(0.084 ns) = 0.540 ns; Loc. = LCFF_X64_Y19_N13; Fanout = 1; REG Node = 'IS_STATE.STATE0'
            Info: Total cell delay = 0.234 ns ( 43.33 % )
            Info: Total interconnect delay = 0.306 ns ( 56.67 % )
        Info: - Smallest clock skew is 0.000 ns
            Info: + Shortest clock path from clock "CLK" to destination register is 2.701 ns
                Info: 1: + IC(0.000 ns) + CELL(0.862 ns) = 0.862 ns; Loc. = PIN_G26; Fanout = 3; CLK Node = 'CLK'
                Info: 2: + IC(1.302 ns) + CELL(0.537 ns) = 2.701 ns; Loc. = LCFF_X64_Y19_N13; Fanout = 1; REG Node = 'IS_STATE.STATE0'
                Info: Total cell delay = 1.399 ns ( 51.80 % )
                Info: Total interconnect delay = 1.302 ns ( 48.20 % )
            Info: - Longest clock path from clock "CLK" to source register is 2.701 ns
                Info: 1: + IC(0.000 ns) + CELL(0.862 ns) = 0.862 ns; Loc. = PIN_G26; Fanout = 3; CLK Node = 'CLK'
                Info: 2: + IC(1.302 ns) + CELL(0.537 ns) = 2.701 ns; Loc. = LCFF_X64_Y19_N27; Fanout = 2; REG Node = 'IS_STATE.STATE2'
                Info: Total cell delay = 1.399 ns ( 51.80 % )
                Info: Total interconnect delay = 1.302 ns ( 48.20 % )
        Info: + Micro clock to output delay of source is 0.250 ns
        Info: + Micro setup delay of destination is -0.036 ns
Info: tsu for register "IS_STATE.STATE1" (data pin = "X", clock pin = "CLK") is -0.747 ns
    Info: + Longest pin to register delay is 1.990 ns
        Info: 1: + IC(0.000 ns) + CELL(0.999 ns) = 0.999 ns; Loc. = PIN_N25; Fanout = 3; PIN Node = 'X'
        Info: 2: + IC(0.331 ns) + CELL(0.660 ns) = 1.990 ns; Loc. = LCFF_X64_Y19_N1; Fanout = 2; REG Node = 'IS_STATE.STATE1'
        Info: Total cell delay = 1.659 ns ( 83.37 % )
        Info: Total interconnect delay = 0.331 ns ( 16.63 % )
    Info: + Micro setup delay of destination is -0.036 ns
    Info: - Shortest clock path from clock "CLK" to destination register is 2.701 ns
        Info: 1: + IC(0.000 ns) + CELL(0.862 ns) = 0.862 ns; Loc. = PIN_G26; Fanout = 3; CLK Node = 'CLK'
        Info: 2: + IC(1.302 ns) + CELL(0.537 ns) = 2.701 ns; Loc. = LCFF_X64_Y19_N1; Fanout = 2; REG Node = 'IS_STATE.STATE1'
        Info: Total cell delay = 1.399 ns ( 51.80 % )
        Info: Total interconnect delay = 1.302 ns ( 48.20 % )
Info: tco from clock "CLK" to destination pin "Y[1]" through register "IS_STATE.STATE2" is 7.733 ns
    Info: + Longest clock path from clock "CLK" to source register is 2.701 ns
        Info: 1: + IC(0.000 ns) + CELL(0.862 ns) = 0.862 ns; Loc. = PIN_G26; Fanout = 3; CLK Node = 'CLK'
        Info: 2: + IC(1.302 ns) + CELL(0.537 ns) = 2.701 ns; Loc. = LCFF_X64_Y19_N27; Fanout = 2; REG Node = 'IS_STATE.STATE2'
        Info: Total cell delay = 1.399 ns ( 51.80 % )
        Info: Total interconnect delay = 1.302 ns ( 48.20 % )
    Info: + Micro clock to output delay of source is 0.250 ns
    Info: + Longest register to pin delay is 4.782 ns
        Info: 1: + IC(0.000 ns) + CELL(0.000 ns) = 0.000 ns; Loc. = LCFF_X64_Y19_N27; Fanout = 2; REG Node = 'IS_STATE.STATE2'
        Info: 2: + IC(1.964 ns) + CELL(2.818 ns) = 4.782 ns; Loc. = PIN_AF23; Fanout = 0; PIN Node = 'Y[1]'
        Info: Total cell delay = 2.818 ns ( 58.93 % )
        Info: Total interconnect delay = 1.964 ns ( 41.07 % )
Info: th for register "IS_STATE.STATE1" (data pin = "X", clock pin = "CLK") is 0.977 ns
    Info: + Longest clock path from clock "CLK" to destination register is 2.701 ns
        Info: 1: + IC(0.000 ns) + CELL(0.862 ns) = 0.862 ns; Loc. = PIN_G26; Fanout = 3; CLK Node = 'CLK'
        Info: 2: + IC(1.302 ns) + CELL(0.537 ns) = 2.701 ns; Loc. = LCFF_X64_Y19_N1; Fanout = 2; REG Node = 'IS_STATE.STATE1'
        Info: Total cell delay = 1.399 ns ( 51.80 % )
        Info: Total interconnect delay = 1.302 ns ( 48.20 % )
    Info: + Micro hold delay of destination is 0.266 ns
    Info: - Shortest pin to register delay is 1.990 ns
        Info: 1: + IC(0.000 ns) + CELL(0.999 ns) = 0.999 ns; Loc. = PIN_N25; Fanout = 3; PIN Node = 'X'
        Info: 2: + IC(0.331 ns) + CELL(0.660 ns) = 1.990 ns; Loc. = LCFF_X64_Y19_N1; Fanout = 2; REG Node = 'IS_STATE.STATE1'
        Info: Total cell delay = 1.659 ns ( 83.37 % )
        Info: Total interconnect delay = 0.331 ns ( 16.63 % )
Info: Quartus II Classic Timing Analyzer was successful. 0 errors, 1 warning
    Info: Peak virtual memory: 183 megabytes
    Info: Processing ended: Wed Jul 10 14:02:15 2024
    Info: Elapsed time: 00:00:00
    Info: Total CPU time (on all processors): 00:00:00


