Classic Timing Analyzer report for segment
Wed Jun 26 13:56:21 2024
Quartus II Version 8.1 Build 163 10/28/2008 SJ Web Edition


---------------------
; Table of Contents ;
---------------------
  1. Legal Notice
  2. Timing Analyzer Summary
  3. Timing Analyzer Settings
  4. tpd
  5. Timing Analyzer Messages



----------------
; Legal Notice ;
----------------
Copyright (C) 1991-2008 Altera Corporation
Your use of Altera Corporation's design tools, logic functions 
and other software and tools, and its AMPP partner logic 
functions, and any output files from any of the foregoing 
(including device programming or simulation files), and any 
associated documentation or information are expressly subject 
to the terms and conditions of the Altera Program License 
Subscription Agreement, Altera MegaCore Function License 
Agreement, or other applicable license agreement, including, 
without limitation, that your use is for the sole purpose of 
programming logic devices manufactured by Altera and sold by 
Altera or its authorized distributors.  Please refer to the 
applicable agreement for further details.



+-------------------------------------------------------------------------------------------------------------------------+
; Timing Analyzer Summary                                                                                                 ;
+------------------------------+-------+---------------+-------------+------+------+------------+----------+--------------+
; Type                         ; Slack ; Required Time ; Actual Time ; From ; To   ; From Clock ; To Clock ; Failed Paths ;
+------------------------------+-------+---------------+-------------+------+------+------------+----------+--------------+
; Worst-case tpd               ; N/A   ; None          ; 6.615 ns    ; A[0] ; Z[1] ; --         ; --       ; 0            ;
; Total number of failed paths ;       ;               ;             ;      ;      ;            ;          ; 0            ;
+------------------------------+-------+---------------+-------------+------+------+------------+----------+--------------+


+--------------------------------------------------------------------------------------------------------------------+
; Timing Analyzer Settings                                                                                           ;
+---------------------------------------------------------------------+--------------------+------+----+-------------+
; Option                                                              ; Setting            ; From ; To ; Entity Name ;
+---------------------------------------------------------------------+--------------------+------+----+-------------+
; Device Name                                                         ; EP2C35F672C6       ;      ;    ;             ;
; Timing Models                                                       ; Final              ;      ;    ;             ;
; Default hold multicycle                                             ; Same as Multicycle ;      ;    ;             ;
; Cut paths between unrelated clock domains                           ; On                 ;      ;    ;             ;
; Cut off read during write signal paths                              ; On                 ;      ;    ;             ;
; Cut off feedback from I/O pins                                      ; On                 ;      ;    ;             ;
; Report Combined Fast/Slow Timing                                    ; Off                ;      ;    ;             ;
; Ignore Clock Settings                                               ; Off                ;      ;    ;             ;
; Analyze latches as synchronous elements                             ; On                 ;      ;    ;             ;
; Enable Recovery/Removal analysis                                    ; Off                ;      ;    ;             ;
; Enable Clock Latency                                                ; Off                ;      ;    ;             ;
; Use TimeQuest Timing Analyzer                                       ; Off                ;      ;    ;             ;
; Minimum Core Junction Temperature                                   ; 0                  ;      ;    ;             ;
; Maximum Core Junction Temperature                                   ; 85                 ;      ;    ;             ;
; Number of source nodes to report per destination node               ; 10                 ;      ;    ;             ;
; Number of destination nodes to report                               ; 10                 ;      ;    ;             ;
; Number of paths to report                                           ; 200                ;      ;    ;             ;
; Report Minimum Timing Checks                                        ; Off                ;      ;    ;             ;
; Use Fast Timing Models                                              ; Off                ;      ;    ;             ;
; Report IO Paths Separately                                          ; Off                ;      ;    ;             ;
; Perform Multicorner Analysis                                        ; On                 ;      ;    ;             ;
; Reports the worst-case path for each clock domain and analysis      ; Off                ;      ;    ;             ;
; Removes common clock path pessimism (CCPP) during slack computation ; Off                ;      ;    ;             ;
; Output I/O Timing Endpoint                                          ; Near End           ;      ;    ;             ;
+---------------------------------------------------------------------+--------------------+------+----+-------------+


+-----------------------------------------------------------+
; tpd                                                       ;
+-------+-------------------+-----------------+------+------+
; Slack ; Required P2P Time ; Actual P2P Time ; From ; To   ;
+-------+-------------------+-----------------+------+------+
; N/A   ; None              ; 6.615 ns        ; A[0] ; Z[1] ;
; N/A   ; None              ; 6.602 ns        ; A[1] ; Z[1] ;
; N/A   ; None              ; 6.576 ns        ; A[3] ; Z[1] ;
; N/A   ; None              ; 6.476 ns        ; A[0] ; Z[0] ;
; N/A   ; None              ; 6.458 ns        ; A[1] ; Z[0] ;
; N/A   ; None              ; 6.440 ns        ; A[0] ; Z[6] ;
; N/A   ; None              ; 6.432 ns        ; A[3] ; Z[0] ;
; N/A   ; None              ; 6.422 ns        ; A[1] ; Z[6] ;
; N/A   ; None              ; 6.408 ns        ; A[0] ; Z[5] ;
; N/A   ; None              ; 6.395 ns        ; A[3] ; Z[6] ;
; N/A   ; None              ; 6.394 ns        ; A[1] ; Z[5] ;
; N/A   ; None              ; 6.369 ns        ; A[3] ; Z[5] ;
; N/A   ; None              ; 6.305 ns        ; A[2] ; Z[1] ;
; N/A   ; None              ; 6.183 ns        ; A[0] ; Z[4] ;
; N/A   ; None              ; 6.170 ns        ; A[1] ; Z[4] ;
; N/A   ; None              ; 6.159 ns        ; A[2] ; Z[0] ;
; N/A   ; None              ; 6.154 ns        ; A[1] ; Z[2] ;
; N/A   ; None              ; 6.147 ns        ; A[0] ; Z[2] ;
; N/A   ; None              ; 6.145 ns        ; A[3] ; Z[4] ;
; N/A   ; None              ; 6.131 ns        ; A[0] ; Z[3] ;
; N/A   ; None              ; 6.131 ns        ; A[3] ; Z[2] ;
; N/A   ; None              ; 6.123 ns        ; A[2] ; Z[6] ;
; N/A   ; None              ; 6.110 ns        ; A[2] ; Z[5] ;
; N/A   ; None              ; 6.109 ns        ; A[1] ; Z[3] ;
; N/A   ; None              ; 6.087 ns        ; A[3] ; Z[3] ;
; N/A   ; None              ; 5.885 ns        ; A[2] ; Z[4] ;
; N/A   ; None              ; 5.862 ns        ; A[2] ; Z[2] ;
; N/A   ; None              ; 5.821 ns        ; A[2] ; Z[3] ;
+-------+-------------------+-----------------+------+------+


+--------------------------+
; Timing Analyzer Messages ;
+--------------------------+
Info: *******************************************************************
Info: Running Quartus II Classic Timing Analyzer
    Info: Version 8.1 Build 163 10/28/2008 SJ Web Edition
    Info: Processing started: Wed Jun 26 13:56:21 2024
Info: Command: quartus_tan --read_settings_files=off --write_settings_files=off segment -c segment --timing_analysis_only
Info: Longest tpd from source pin "A[0]" to destination pin "Z[1]" is 6.615 ns
    Info: 1: + IC(0.000 ns) + CELL(0.999 ns) = 0.999 ns; Loc. = PIN_N25; Fanout = 7; PIN Node = 'A[0]'
    Info: 2: + IC(1.658 ns) + CELL(0.437 ns) = 3.094 ns; Loc. = LCCOMB_X64_Y4_N26; Fanout = 1; COMB Node = 'Mux5~3'
    Info: 3: + IC(0.732 ns) + CELL(2.789 ns) = 6.615 ns; Loc. = PIN_V21; Fanout = 0; PIN Node = 'Z[1]'
    Info: Total cell delay = 4.225 ns ( 63.87 % )
    Info: Total interconnect delay = 2.390 ns ( 36.13 % )
Info: Quartus II Classic Timing Analyzer was successful. 0 errors, 0 warnings
    Info: Peak virtual memory: 181 megabytes
    Info: Processing ended: Wed Jun 26 13:56:21 2024
    Info: Elapsed time: 00:00:00
    Info: Total CPU time (on all processors): 00:00:00


